[19-Jan-2026 20:06:52 Asia/Kolkata] PHP Warning:  Undefined array key "account_id" in C:\Users\Ash\Documents\Projects\apps\expense-tracker\server\controllers\syncController.php on line 262
[19-Jan-2026 20:06:52 Asia/Kolkata] PHP Warning:  Undefined array key "category_id" in C:\Users\Ash\Documents\Projects\apps\expense-tracker\server\controllers\syncController.php on line 263
[19-Jan-2026 20:06:52 Asia/Kolkata] PHP Warning:  Undefined array key "transaction_date" in C:\Users\Ash\Documents\Projects\apps\expense-tracker\server\controllers\syncController.php on line 268
[19-Jan-2026 20:06:52 Asia/Kolkata] PHP Warning:  Undefined array key "account_id" in C:\Users\Ash\Documents\Projects\apps\expense-tracker\server\controllers\syncController.php on line 262
[19-Jan-2026 20:06:52 Asia/Kolkata] PHP Warning:  Undefined array key "category_id" in C:\Users\Ash\Documents\Projects\apps\expense-tracker\server\controllers\syncController.php on line 263
[19-Jan-2026 20:06:52 Asia/Kolkata] PHP Warning:  Undefined array key "transaction_date" in C:\Users\Ash\Documents\Projects\apps\expense-tracker\server\controllers\syncController.php on line 268
[19-Jan-2026 20:06:52 Asia/Kolkata] PHP Warning:  Undefined array key "account_id" in C:\Users\Ash\Documents\Projects\apps\expense-tracker\server\controllers\syncController.php on line 262
[19-Jan-2026 20:06:52 Asia/Kolkata] PHP Warning:  Undefined array key "category_id" in C:\Users\Ash\Documents\Projects\apps\expense-tracker\server\controllers\syncController.php on line 263
[19-Jan-2026 20:06:52 Asia/Kolkata] PHP Warning:  Undefined array key "transaction_date" in C:\Users\Ash\Documents\Projects\apps\expense-tracker\server\controllers\syncController.php on line 268
[19-Jan-2026 20:06:52 Asia/Kolkata] PHP Warning:  Undefined array key "account_id" in C:\Users\Ash\Documents\Projects\apps\expense-tracker\server\controllers\syncController.php on line 262
[19-Jan-2026 20:06:52 Asia/Kolkata] PHP Warning:  Undefined array key "category_id" in C:\Users\Ash\Documents\Projects\apps\expense-tracker\server\controllers\syncController.php on line 263
[19-Jan-2026 20:06:52 Asia/Kolkata] PHP Warning:  Undefined array key "transaction_date" in C:\Users\Ash\Documents\Projects\apps\expense-tracker\server\controllers\syncController.php on line 268
[19-Jan-2026 20:06:52 Asia/Kolkata] PHP Warning:  Undefined array key "account_id" in C:\Users\Ash\Documents\Projects\apps\expense-tracker\server\controllers\syncController.php on line 262
[19-Jan-2026 20:06:52 Asia/Kolkata] PHP Warning:  Undefined array key "category_id" in C:\Users\Ash\Documents\Projects\apps\expense-tracker\server\controllers\syncController.php on line 263
[19-Jan-2026 20:06:52 Asia/Kolkata] PHP Warning:  Undefined array key "transaction_date" in C:\Users\Ash\Documents\Projects\apps\expense-tracker\server\controllers\syncController.php on line 268
[19-Jan-2026 20:06:52 Asia/Kolkata] PHP Warning:  Undefined array key "account_id" in C:\Users\Ash\Documents\Projects\apps\expense-tracker\server\controllers\syncController.php on line 262
[19-Jan-2026 20:06:52 Asia/Kolkata] PHP Warning:  Undefined array key "category_id" in C:\Users\Ash\Documents\Projects\apps\expense-tracker\server\controllers\syncController.php on line 263
[19-Jan-2026 20:06:52 Asia/Kolkata] PHP Warning:  Undefined array key "transaction_date" in C:\Users\Ash\Documents\Projects\apps\expense-tracker\server\controllers\syncController.php on line 268
[19-Jan-2026 20:06:52 Asia/Kolkata] PHP Warning:  Undefined array key "account_id" in C:\Users\Ash\Documents\Projects\apps\expense-tracker\server\controllers\syncController.php on line 262
[19-Jan-2026 20:06:52 Asia/Kolkata] PHP Warning:  Undefined array key "category_id" in C:\Users\Ash\Documents\Projects\apps\expense-tracker\server\controllers\syncController.php on line 263
[19-Jan-2026 20:06:52 Asia/Kolkata] PHP Warning:  Undefined array key "transaction_date" in C:\Users\Ash\Documents\Projects\apps\expense-tracker\server\controllers\syncController.php on line 268
[19-Jan-2026 20:06:52 Asia/Kolkata] PHP Warning:  Undefined array key "account_id" in C:\Users\Ash\Documents\Projects\apps\expense-tracker\server\controllers\syncController.php on line 262
[19-Jan-2026 20:06:52 Asia/Kolkata] PHP Warning:  Undefined array key "category_id" in C:\Users\Ash\Documents\Projects\apps\expense-tracker\server\controllers\syncController.php on line 263
[19-Jan-2026 20:06:52 Asia/Kolkata] PHP Warning:  Undefined array key "transaction_date" in C:\Users\Ash\Documents\Projects\apps\expense-tracker\server\controllers\syncController.php on line 268
[19-Jan-2026 20:06:52 Asia/Kolkata] PHP Warning:  Undefined array key "account_id" in C:\Users\Ash\Documents\Projects\apps\expense-tracker\server\controllers\syncController.php on line 262
[19-Jan-2026 20:06:52 Asia/Kolkata] PHP Warning:  Undefined array key "category_id" in C:\Users\Ash\Documents\Projects\apps\expense-tracker\server\controllers\syncController.php on line 263
[19-Jan-2026 20:06:52 Asia/Kolkata] PHP Warning:  Undefined array key "transaction_date" in C:\Users\Ash\Documents\Projects\apps\expense-tracker\server\controllers\syncController.php on line 268
[19-Jan-2026 20:06:52 Asia/Kolkata] PHP Warning:  Undefined array key "account_id" in C:\Users\Ash\Documents\Projects\apps\expense-tracker\server\controllers\syncController.php on line 262
[19-Jan-2026 20:06:52 Asia/Kolkata] PHP Warning:  Undefined array key "category_id" in C:\Users\Ash\Documents\Projects\apps\expense-tracker\server\controllers\syncController.php on line 263
[19-Jan-2026 20:06:52 Asia/Kolkata] PHP Warning:  Undefined array key "transaction_date" in C:\Users\Ash\Documents\Projects\apps\expense-tracker\server\controllers\syncController.php on line 268
[20-Jan-2026 12:45:33 Asia/Kolkata] Exception: Call to private Database::__construct() from scope ExpenseAnalyticsController in C:\Users\Ash\Documents\Projects\apps\expense-tracker\server\controllers\expenseAnalyticsController.php on line 10
[20-Jan-2026 12:48:27 Asia/Kolkata] Exception: Call to private Database::__construct() from scope ExpenseAnalyticsController in C:\Users\Ash\Documents\Projects\apps\expense-tracker\server\controllers\expenseAnalyticsController.php on line 10
[20-Jan-2026 13:24:40 Asia/Kolkata] Exception: Call to private Database::__construct() from scope ExpenseAnalyticsController in C:\Users\Ash\Documents\Projects\apps\expense-tracker\server\controllers\expenseAnalyticsController.php on line 10
[20-Jan-2026 13:24:52 Asia/Kolkata] Exception: Call to private Database::__construct() from scope ExpenseAnalyticsController in C:\Users\Ash\Documents\Projects\apps\expense-tracker\server\controllers\expenseAnalyticsController.php on line 10
[20-Jan-2026 13:46:58 Asia/Kolkata] Exception: Call to private Database::__construct() from scope ExpenseAnalyticsController in C:\Users\Ash\Documents\Projects\apps\expense-tracker\server\controllers\expenseAnalyticsController.php on line 10
[20-Jan-2026 13:48:52 Asia/Kolkata] Exception: Call to private Database::__construct() from scope ExpenseAnalyticsController in C:\Users\Ash\Documents\Projects\apps\expense-tracker\server\controllers\expenseAnalyticsController.php on line 10
[20-Jan-2026 13:51:02 Asia/Kolkata] Exception: Call to private Database::__construct() from scope ExpenseAnalyticsController in C:\Users\Ash\Documents\Projects\apps\expense-tracker\server\controllers\expenseAnalyticsController.php on line 10
[20-Jan-2026 13:52:00 Asia/Kolkata] Exception: Call to private Database::__construct() from scope ExpenseAnalyticsController in C:\Users\Ash\Documents\Projects\apps\expense-tracker\server\controllers\expenseAnalyticsController.php on line 10
[20-Jan-2026 13:53:22 Asia/Kolkata] Exception: Call to undefined method Response::unauthorized() in C:\Users\Ash\Documents\Projects\apps\expense-tracker\server\controllers\expenseAnalyticsController.php on line 18
[20-Jan-2026 13:56:17 Asia/Kolkata] Exception: Call to undefined method Database::prepare() in C:\Users\Ash\Documents\Projects\apps\expense-tracker\server\controllers\expenseAnalyticsController.php on line 25
[20-Jan-2026 13:57:49 Asia/Kolkata] ExpenseAnalytics Error: SQLSTATE[42S22]: Column not found: 1054 Unknown column 'status' in 'where clause'
[20-Jan-2026 13:58:34 Asia/Kolkata] ExpenseAnalytics Error: SQLSTATE[42S22]: Column not found: 1054 Unknown column 'c.category_name' in 'field list'
[21-Jan-2026 18:26:00 Asia/Kolkata] Dashboard error: Database connection failed: SQLSTATE[HY000] [2002] No connection could be made because the target machine actively refused it
[21-Jan-2026 18:26:29 Asia/Kolkata] Dashboard error: Database connection failed: SQLSTATE[HY000] [2002] No connection could be made because the target machine actively refused it
[25-Jan-2026 17:27:01 Asia/Kolkata] Google login error: Database connection failed: SQLSTATE[HY000] [2002] No connection could be made because the target machine actively refused it
[25-Jan-2026 17:29:01 Asia/Kolkata] Google login attempt for email: shivarya.dev@gmail.com
[25-Jan-2026 17:29:01 Asia/Kolkata] Exception: Call to undefined method Database::lastInsertId() in C:\Users\Ash\Documents\Projects\apps\expense-tracker\server\controllers\authController.php on line 96
[25-Jan-2026 17:29:16 Asia/Kolkata] Google login attempt for email: shivarya.dev@gmail.com
[25-Jan-2026 17:30:39 Asia/Kolkata] Google login attempt for email: shivarya.dev@gmail.com
[25-Jan-2026 17:30:40 Asia/Kolkata] JWT: No bearer token found in request
[25-Jan-2026 17:30:40 Asia/Kolkata] JWT: requireAuth failed - no valid token
[25-Jan-2026 17:30:40 Asia/Kolkata] JWT: No bearer token found in request
[25-Jan-2026 17:30:40 Asia/Kolkata] JWT: requireAuth failed - no valid token
[25-Jan-2026 17:30:40 Asia/Kolkata] JWT: No bearer token found in request
[25-Jan-2026 17:30:40 Asia/Kolkata] JWT: requireAuth failed - no valid token
[25-Jan-2026 17:30:40 Asia/Kolkata] JWT: No bearer token found in request
[25-Jan-2026 17:30:40 Asia/Kolkata] JWT: requireAuth failed - no valid token
[25-Jan-2026 17:32:13 Asia/Kolkata] Google login attempt for email: shivarya.dev@gmail.com
[25-Jan-2026 17:32:13 Asia/Kolkata] JWT: No bearer token found in request
[25-Jan-2026 17:32:13 Asia/Kolkata] JWT: requireAuth failed - no valid token
[25-Jan-2026 17:32:13 Asia/Kolkata] JWT: No bearer token found in request
[25-Jan-2026 17:32:13 Asia/Kolkata] JWT: requireAuth failed - no valid token
[25-Jan-2026 17:32:13 Asia/Kolkata] JWT: No bearer token found in request
[25-Jan-2026 17:32:13 Asia/Kolkata] JWT: requireAuth failed - no valid token
[25-Jan-2026 17:32:13 Asia/Kolkata] JWT: No bearer token found in request
[25-Jan-2026 17:32:13 Asia/Kolkata] JWT: requireAuth failed - no valid token
[25-Jan-2026 17:33:46 Asia/Kolkata] JWT: No bearer token found in request
[25-Jan-2026 17:33:46 Asia/Kolkata] JWT: requireAuth failed - no valid token
[25-Jan-2026 17:33:46 Asia/Kolkata] JWT: No bearer token found in request
[25-Jan-2026 17:33:46 Asia/Kolkata] JWT: requireAuth failed - no valid token
[25-Jan-2026 17:33:46 Asia/Kolkata] JWT: No bearer token found in request
[25-Jan-2026 17:33:46 Asia/Kolkata] JWT: requireAuth failed - no valid token
[25-Jan-2026 17:33:46 Asia/Kolkata] JWT: No bearer token found in request
[25-Jan-2026 17:33:46 Asia/Kolkata] JWT: requireAuth failed - no valid token
[25-Jan-2026 17:34:08 Asia/Kolkata] Google login attempt for email: shivarya.dev@gmail.com
[25-Jan-2026 17:34:09 Asia/Kolkata] JWT: No bearer token found in request
[25-Jan-2026 17:34:09 Asia/Kolkata] JWT: requireAuth failed - no valid token
[25-Jan-2026 17:34:09 Asia/Kolkata] JWT: No bearer token found in request
[25-Jan-2026 17:34:09 Asia/Kolkata] JWT: requireAuth failed - no valid token
[25-Jan-2026 17:34:09 Asia/Kolkata] JWT: No bearer token found in request
[25-Jan-2026 17:34:09 Asia/Kolkata] JWT: requireAuth failed - no valid token
[25-Jan-2026 17:34:09 Asia/Kolkata] JWT: No bearer token found in request
[25-Jan-2026 17:34:09 Asia/Kolkata] JWT: requireAuth failed - no valid token
[25-Jan-2026 17:34:14 Asia/Kolkata] JWT: No bearer token found in request
[25-Jan-2026 17:34:14 Asia/Kolkata] JWT: requireAuth failed - no valid token
[25-Jan-2026 17:35:05 Asia/Kolkata] JWT: No bearer token found in request
[25-Jan-2026 17:35:05 Asia/Kolkata] JWT: requireAuth failed - no valid token
[25-Jan-2026 17:35:05 Asia/Kolkata] JWT: No bearer token found in request
[25-Jan-2026 17:35:05 Asia/Kolkata] JWT: requireAuth failed - no valid token
[25-Jan-2026 17:35:05 Asia/Kolkata] JWT: No bearer token found in request
[25-Jan-2026 17:35:05 Asia/Kolkata] JWT: requireAuth failed - no valid token
[25-Jan-2026 17:35:05 Asia/Kolkata] JWT: No bearer token found in request
[25-Jan-2026 17:35:05 Asia/Kolkata] JWT: requireAuth failed - no valid token
[25-Jan-2026 17:35:33 Asia/Kolkata] Google login attempt for email: shivarya.dev@gmail.com
[25-Jan-2026 17:35:34 Asia/Kolkata] JWT: No bearer token found in request
[25-Jan-2026 17:35:34 Asia/Kolkata] JWT: requireAuth failed - no valid token
[25-Jan-2026 17:35:34 Asia/Kolkata] JWT: No bearer token found in request
[25-Jan-2026 17:35:34 Asia/Kolkata] JWT: requireAuth failed - no valid token
[25-Jan-2026 17:35:34 Asia/Kolkata] JWT: No bearer token found in request
[25-Jan-2026 17:35:34 Asia/Kolkata] JWT: requireAuth failed - no valid token
[25-Jan-2026 17:35:34 Asia/Kolkata] JWT: No bearer token found in request
[25-Jan-2026 17:35:34 Asia/Kolkata] JWT: requireAuth failed - no valid token
[25-Jan-2026 17:37:54 Asia/Kolkata] Google login attempt for email: shivarya.dev@gmail.com
[25-Jan-2026 17:37:55 Asia/Kolkata] getBearerToken: headers from getallheaders: {"accept":"application\/json, text\/plain, *\/*","authorization":"Bearer eyJ0eXAiOiJKV1QiLCJhbGciOiJIUzI1NiJ9.eyJ1c2VySWQiOjIsImVtYWlsIjoic2hpdmFyeWEuZGV2QGdtYWlsLmNvbSIsIm5hbWUiOiJBc2hpc2ggVHJpcGF0aGkiLCJpYXQiOjE3NjkzNDI4NzQsImV4cCI6MTc3MTkzNDg3NH0.Zgf_6Irx9UxWVazaA2FTjR-tyWSVYpxHIsCY7l9JML8","Host":"10.0.2.2:8000","Connection":"Keep-Alive","Accept-Encoding":"gzip","User-Agent":"okhttp\/4.12.0"}
[25-Jan-2026 17:37:55 Asia/Kolkata] getBearerToken: Trying HTTP_AUTHORIZATION from $_SERVER
[25-Jan-2026 17:37:55 Asia/Kolkata] getBearerToken: Found token via HTTP_AUTHORIZATION
[25-Jan-2026 17:37:55 Asia/Kolkata] getBearerToken: headers from getallheaders: {"accept":"application\/json, text\/plain, *\/*","authorization":"Bearer eyJ0eXAiOiJKV1QiLCJhbGciOiJIUzI1NiJ9.eyJ1c2VySWQiOjIsImVtYWlsIjoic2hpdmFyeWEuZGV2QGdtYWlsLmNvbSIsIm5hbWUiOiJBc2hpc2ggVHJpcGF0aGkiLCJpYXQiOjE3NjkzNDI4NzQsImV4cCI6MTc3MTkzNDg3NH0.Zgf_6Irx9UxWVazaA2FTjR-tyWSVYpxHIsCY7l9JML8","Host":"10.0.2.2:8000","Connection":"Keep-Alive","Accept-Encoding":"gzip","User-Agent":"okhttp\/4.12.0"}
[25-Jan-2026 17:37:55 Asia/Kolkata] getBearerToken: Trying HTTP_AUTHORIZATION from $_SERVER
[25-Jan-2026 17:37:55 Asia/Kolkata] getBearerToken: Found token via HTTP_AUTHORIZATION
[25-Jan-2026 17:37:55 Asia/Kolkata] getBearerToken: headers from getallheaders: {"accept":"application\/json, text\/plain, *\/*","authorization":"Bearer eyJ0eXAiOiJKV1QiLCJhbGciOiJIUzI1NiJ9.eyJ1c2VySWQiOjIsImVtYWlsIjoic2hpdmFyeWEuZGV2QGdtYWlsLmNvbSIsIm5hbWUiOiJBc2hpc2ggVHJpcGF0aGkiLCJpYXQiOjE3NjkzNDI4NzQsImV4cCI6MTc3MTkzNDg3NH0.Zgf_6Irx9UxWVazaA2FTjR-tyWSVYpxHIsCY7l9JML8","Host":"10.0.2.2:8000","Connection":"Keep-Alive","Accept-Encoding":"gzip","User-Agent":"okhttp\/4.12.0"}
[25-Jan-2026 17:37:55 Asia/Kolkata] getBearerToken: Trying HTTP_AUTHORIZATION from $_SERVER
[25-Jan-2026 17:37:55 Asia/Kolkata] getBearerToken: Found token via HTTP_AUTHORIZATION
[25-Jan-2026 17:37:55 Asia/Kolkata] getBearerToken: headers from getallheaders: {"accept":"application\/json, text\/plain, *\/*","authorization":"Bearer eyJ0eXAiOiJKV1QiLCJhbGciOiJIUzI1NiJ9.eyJ1c2VySWQiOjIsImVtYWlsIjoic2hpdmFyeWEuZGV2QGdtYWlsLmNvbSIsIm5hbWUiOiJBc2hpc2ggVHJpcGF0aGkiLCJpYXQiOjE3NjkzNDI4NzQsImV4cCI6MTc3MTkzNDg3NH0.Zgf_6Irx9UxWVazaA2FTjR-tyWSVYpxHIsCY7l9JML8","Host":"10.0.2.2:8000","Connection":"Keep-Alive","Accept-Encoding":"gzip","User-Agent":"okhttp\/4.12.0"}
[25-Jan-2026 17:37:55 Asia/Kolkata] getBearerToken: Trying HTTP_AUTHORIZATION from $_SERVER
[25-Jan-2026 17:37:55 Asia/Kolkata] getBearerToken: Found token via HTTP_AUTHORIZATION
